Deteksipenyakit/proguard-project.txt
# To enable ProGuard in your project, edit project.properties
# to define the proguard.config property as described in that file.
#
# Add project specific ProGuard rules here.
# By default, the flags in this file are appended to flags specified
# in ${sdk.dir}/tools/proguard/proguard-android.txt
# You can edit the include path and order by changing the ProGuard
# include property in project.properties.
#
# For more details, see
#   http://developer.android.com/guide/developing/tools/proguard.html

# Add any project specific keep options here:


-optimizationpasses 5
-dontusemixedcaseclassnames
-dontskipnonpubliclibraryclasses
-dontpreverify
-verbose
-optimizations !code/simplification/arithmetic,!field/*,!class/merging/*
-keepattributes *Annotation*

-injars      bin/classes
-injars      libs
-outjars     bin/classes-processed.jar

-keep public class * extends android.app.Activity 
-keep public class * extends android.app.Application 
-keep public class * extends android.app.Service 
-keep public class * extends android.content.BroadcastReceiver 
-keep public class * extends android.content.ContentProvider  
-keep public class * extends android.preference.Preference
-keep class com.affandi.deteksi.** { *; }
-dontwarn com.affandi.deteksi.**
-dontwarn android.support.**


-keepclasseswithmembernames class * 
 {
    native <methods>;
 }

 -keepclasseswithmembers class * 
  {
    public <init>(android.content.Context, android.util.AttributeSet);
  }

 -keepclasseswithmembers class * 
  {
    public <init>(android.content.Context, android.util.AttributeSet, int);
  }

  -keepclassmembers enum * 
  {
    public static **[] values();
    public static ** valueOf(java.lang.String);
  }



  -keep class * implements android.os.Parcelable 
   {
     public static final android.os.Parcelable$Creator *;
   }

   -keepclasseswithmembers class **.R$** 
   {
    public static <fields>;
   }

  -keepclassmembers class * 
  {
  @android.webkit.JavascriptInterface <methods>;
  }
   -keep class * extends android.view.View 
    { 
	 
	  public <init>(android.content.Context); 
	  public <init>(android.content.Context, android.util.AttributeSet); 
	  public <init>(android.content.Context, android.util.AttributeSet, int); 
	  void set*(***);
	   *** get*();
    }

   -keepclassmembers class * 
    {
	    static final %                *;
	    static final java.lang.String *;
    }

#add the following for Google play services.
-keep class * extends java.util.ListResourceBundle {
    protected Object[][] getContents();
}

-keep public class com.google.android.gms.common.internal.safeparcel.SafeParcelable {
    public static final *** NULL;
}

-keepnames @com.google.android.gms.common.annotation.KeepName class *
-keepclassmembernames class * {
    @com.google.android.gms.common.annotation.KeepName *;
}

-keepnames class * implements android.os.Parcelable {
    public static final ** CREATOR;
}

-dontwarn com.google.android.gms.**

#Google play services declarations ends

-keepattributes SetJavaScriptEnabled
-keepattributes JavascriptInterface
-keepattributes InlinedApi