Deteksipenyakit/bin/proguard/seeds.txt
com.google.android.gms.games.appcontent.AppContentSectionRef
com.google.android.gms.games.appcontent.AppContentTuple
com.google.android.gms.games.appcontent.AppContentTupleEntity
com.google.android.gms.games.appcontent.AppContentTupleEntity: com.google.android.gms.games.appcontent.AppContentTupleEntityCreator CREATOR
com.google.android.gms.games.appcontent.AppContentTupleRef
com.google.android.gms.games.event.Event
com.google.android.gms.games.event.EventEntity
com.google.android.gms.games.event.EventEntity: com.google.android.gms.games.event.EventEntityCreator CREATOR
com.google.android.gms.games.event.EventEntityCreator: int CONTENT_DESCRIPTION
com.google.android.gms.games.event.EventRef
com.google.android.gms.games.internal.ConnectionInfo
com.google.android.gms.games.internal.ConnectionInfo: com.google.android.gms.games.internal.ConnectionInfoCreator CREATOR
com.google.android.gms.games.internal.GamesDowngradeableSafeParcel
com.google.android.gms.games.internal.LibjingleNativeSocket: java.lang.String TAG
com.google.android.gms.games.internal.game.ExtendedGame
com.google.android.gms.games.internal.game.ExtendedGameEntity
com.google.android.gms.games.internal.game.ExtendedGameEntity: com.google.android.gms.games.internal.game.ExtendedGameEntityCreator CREATOR
com.google.android.gms.games.internal.game.ExtendedGameRef
com.google.android.gms.games.internal.game.GameBadge
com.google.android.gms.games.internal.game.GameBadgeEntity
com.google.android.gms.games.internal.game.GameBadgeEntity: com.google.android.gms.games.internal.game.GameBadgeEntityCreator CREATOR
com.google.android.gms.games.internal.game.GameBadgeRef
com.google.android.gms.games.internal.multiplayer.ZInvitationCluster
com.google.android.gms.games.internal.multiplayer.ZInvitationCluster: com.google.android.gms.games.internal.multiplayer.InvitationClusterCreator CREATOR
com.google.android.gms.games.internal.player.MostRecentGameInfo
com.google.android.gms.games.internal.player.MostRecentGameInfoEntity
com.google.android.gms.games.internal.player.MostRecentGameInfoEntity: com.google.android.gms.games.internal.player.MostRecentGameInfoEntityCreator CREATOR
com.google.android.gms.games.internal.player.MostRecentGameInfoRef
com.google.android.gms.games.internal.request.GameRequestCluster
com.google.android.gms.games.internal.request.GameRequestCluster: com.google.android.gms.games.internal.request.GameRequestClusterCreator CREATOR
com.google.android.gms.games.leaderboard.Leaderboard: int SCORE_ORDER_SMALLER_IS_BETTER
com.google.android.gms.games.leaderboard.Leaderboard: int SCORE_ORDER_LARGER_IS_BETTER
com.google.android.gms.games.leaderboard.LeaderboardScore: int LEADERBOARD_RANK_UNKNOWN
com.google.android.gms.games.leaderboard.LeaderboardVariant: int COLLECTION_PUBLIC
com.google.android.gms.games.leaderboard.LeaderboardVariant: int COLLECTION_SOCIAL
com.google.android.gms.games.leaderboard.LeaderboardVariant: int TIME_SPAN_DAILY
com.google.android.gms.games.leaderboard.LeaderboardVariant: int TIME_SPAN_WEEKLY
com.google.android.gms.games.leaderboard.LeaderboardVariant: int TIME_SPAN_ALL_TIME
com.google.android.gms.games.leaderboard.LeaderboardVariant: int NUM_TIME_SPANS
com.google.android.gms.games.leaderboard.LeaderboardVariant: int PLAYER_SCORE_UNKNOWN
com.google.android.gms.games.leaderboard.LeaderboardVariant: int PLAYER_RANK_UNKNOWN
com.google.android.gms.games.leaderboard.LeaderboardVariant: int NUM_SCORES_UNKNOWN
com.google.android.gms.games.multiplayer.Invitation
com.google.android.gms.games.multiplayer.Invitation: int INVITATION_TYPE_REAL_TIME
com.google.android.gms.games.multiplayer.Invitation: int INVITATION_TYPE_TURN_BASED
com.google.android.gms.games.multiplayer.InvitationEntity
com.google.android.gms.games.multiplayer.InvitationEntity: android.os.Parcelable$Creator CREATOR
com.google.android.gms.games.multiplayer.InvitationRef