Deteksipenyakit/bin/proguard/mapping.txt
com.google.android.gms.internal.lo -> com.google.android.gms.internal.rs:
com.google.android.gms.internal.lp -> com.google.android.gms.internal.rt:
    com.google.android.gms.internal.lp$a RQ -> a
    com.google.android.gms.internal.lp$b RR -> b
    com.google.android.gms.internal.lp$d RS -> c
    com.google.android.gms.internal.lp$c RT -> d
    com.google.android.gms.internal.lp$e RU -> e
com.google.android.gms.internal.lp$a -> com.google.android.gms.internal.ru:
com.google.android.gms.internal.lp$b -> com.google.android.gms.internal.rv:
com.google.android.gms.internal.lp$c -> com.google.android.gms.internal.rw:
com.google.android.gms.internal.lp$d -> com.google.android.gms.internal.rx:
com.google.android.gms.internal.lp$e -> com.google.android.gms.internal.ry:
com.google.android.gms.internal.lq -> com.google.android.gms.internal.rz:
    com.google.android.gms.internal.lq RV -> a
com.google.android.gms.internal.lr -> com.google.android.gms.internal.sa:
    com.google.android.gms.drive.metadata.MetadataField RW -> a
    com.google.android.gms.drive.metadata.MetadataField RX -> b
com.google.android.gms.internal.ls -> com.google.android.gms.internal.sb:
    boolean a(java.util.List,java.util.List) -> a
com.google.android.gms.internal.m -> com.google.android.gms.internal.sc:
    java.lang.String a(byte[],boolean) -> a
    byte[] a(java.lang.String,boolean) -> a
com.google.android.gms.internal.mg -> com.google.android.gms.internal.sd:
    java.lang.ThreadLocal UV -> a
    com.google.android.gms.fitness.data.DataSource c(com.google.android.gms.fitness.data.DataSource) -> a
    boolean jN() -> a
    java.lang.String bw(java.lang.String) -> a
    java.lang.String r(java.lang.String,java.lang.String) -> a
com.google.android.gms.internal.mq -> com.google.android.gms.internal.mq:
    int CK -> a
    java.util.List TY -> b
    android.os.Parcelable$Creator CREATOR -> CREATOR
    java.util.List getDataTypes() -> a
    java.lang.String toString() -> toString
    int getVersionCode() -> b
    int describeContents() -> describeContents
    void writeToParcel(android.os.Parcel,int) -> writeToParcel
com.google.android.gms.internal.mr -> com.google.android.gms.internal.se:
    com.google.android.gms.internal.mq bG(android.os.Parcel) -> a
    com.google.android.gms.internal.mq[] da(int) -> a
    void a(com.google.android.gms.internal.mq,android.os.Parcel,int) -> a
    java.lang.Object[] newArray(int) -> newArray
    java.lang.Object createFromParcel(android.os.Parcel) -> createFromParcel
com.google.android.gms.internal.ms -> com.google.android.gms.internal.ms:
    int CK -> a
    com.google.android.gms.fitness.data.DataSource TN -> b
    android.os.Parcelable$Creator CREATOR -> CREATOR
    com.google.android.gms.fitness.data.DataSource getDataSource() -> a
    java.lang.String toString() -> toString
    int getVersionCode() -> b
    int describeContents() -> describeContents
    void writeToParcel(android.os.Parcel,int) -> writeToParcel
com.google.android.gms.internal.mt -> com.google.android.gms.internal.sf:
    com.google.android.gms.internal.ms bH(android.os.Parcel) -> a
    com.google.android.gms.internal.ms[] db(int) -> a
    void a(com.google.android.gms.internal.ms,android.os.Parcel,int) -> a
    java.lang.Object[] newArray(int) -> newArray
    java.lang.Object createFromParcel(android.os.Parcel) -> createFromParcel
com.google.android.gms.internal.n -> com.google.android.gms.internal.sg:
    void reset() -> a
    void b(int,long) -> a
    void b(int,java.lang.String) -> a
    byte[] D() -> b