Deteksipenyakit/bin/proguard/usage.txt
com.google.android.gms.analytics.ExceptionReporter
com.google.android.gms.analytics.GoogleAnalytics:
    private static boolean Bm
    private boolean yt
    private com.google.android.gms.analytics.f yV
    private com.google.android.gms.analytics.aj Bn
    private android.content.Context mContext
    private volatile java.lang.Boolean Bo
    private java.lang.String yb
    private java.lang.String ya
    private java.util.Set Bq
    private boolean Br
    protected GoogleAnalytics(android.content.Context)
    private GoogleAnalytics(android.content.Context,com.google.android.gms.analytics.f,com.google.android.gms.analytics.aj)
    public static com.google.android.gms.analytics.GoogleAnalytics getInstance(android.content.Context)
    private void eZ()
    void a(com.google.android.gms.analytics.aa)
    private int ai(java.lang.String)
    public void setDryRun(boolean)
    public boolean isDryRunEnabled()
    public void enableAutoActivityReports(android.app.Application)
    public void reportActivityStart(android.app.Activity)
    void g(android.app.Activity)
    public void reportActivityStop(android.app.Activity)
    void h(android.app.Activity)
    public com.google.android.gms.analytics.Tracker newTracker(java.lang.String)
    public com.google.android.gms.analytics.Tracker newTracker(int)
    private com.google.android.gms.analytics.Tracker a(com.google.android.gms.analytics.Tracker)
    void a(com.google.android.gms.analytics.GoogleAnalytics$a)
    void b(com.google.android.gms.analytics.GoogleAnalytics$a)
com.google.android.gms.analytics.GoogleAnalytics$a
com.google.android.gms.analytics.GoogleAnalytics$b
com.google.android.gms.analytics.HitBuilders
com.google.android.gms.analytics.HitBuilders$AppViewBuilder
com.google.android.gms.analytics.HitBuilders$EventBuilder
com.google.android.gms.analytics.HitBuilders$ExceptionBuilder
com.google.android.gms.analytics.HitBuilders$HitBuilder
com.google.android.gms.analytics.HitBuilders$ItemBuilder
com.google.android.gms.analytics.HitBuilders$ScreenViewBuilder
com.google.android.gms.analytics.HitBuilders$SocialBuilder
com.google.android.gms.analytics.HitBuilders$TimingBuilder
com.google.android.gms.analytics.HitBuilders$TransactionBuilder
com.google.android.gms.analytics.Logger:
    public abstract void info(java.lang.String)
    public abstract void warn(java.lang.String)
    public abstract void error(java.lang.Exception)
    public abstract void setLogLevel(int)
    public abstract int getLogLevel()
com.google.android.gms.analytics.Logger$LogLevel
com.google.android.gms.analytics.StandardExceptionParser
com.google.android.gms.analytics.Tracker
com.google.android.gms.analytics.Tracker$a
com.google.android.gms.analytics.TrackerHandler:
    TrackerHandler()
    abstract void u(java.util.Map)
com.google.android.gms.analytics.a
com.google.android.gms.analytics.aa
com.google.android.gms.analytics.ab
com.google.android.gms.analytics.ac
com.google.android.gms.analytics.ad
com.google.android.gms.analytics.ae:
    public static void U(java.lang.String)
    public static void W(java.lang.String)
    public static boolean ff()
com.google.android.gms.analytics.af
com.google.android.gms.analytics.ag
com.google.android.gms.analytics.ag$a
com.google.android.gms.analytics.ah
com.google.android.gms.analytics.ai
com.google.android.gms.analytics.aj
com.google.android.gms.analytics.ak
com.google.android.gms.analytics.al
com.google.android.gms.analytics.al$a
com.google.android.gms.analytics.am
com.google.android.gms.analytics.an
com.google.android.gms.analytics.b
com.google.android.gms.analytics.c
com.google.android.gms.analytics.c$a
com.google.android.gms.analytics.c$b
com.google.android.gms.analytics.c$c
com.google.android.gms.analytics.d
com.google.android.gms.analytics.e
com.google.android.gms.analytics.ecommerce.Product
com.google.android.gms.analytics.ecommerce.ProductAction
com.google.android.gms.analytics.ecommerce.Promotion
com.google.android.gms.analytics.f